{"/Users/jeonghean/projects/react-book/code/context-todo-list/src/App.tsx": {"path":"/Users/jeonghean/projects/react-book/code/context-todo-list/src/App.tsx","statementMap":{"0":{"start":{"line":7,"column":18},"end":{"line":14,"column":1}},"1":{"start":{"line":15,"column":17},"end":{"line":22,"column":1}},"2":{"start":{"line":25,"column":2},"end":{"line":34,"column":4}}},"fnMap":{"0":{"name":"App","decl":{"start":{"line":24,"column":9},"end":{"line":24,"column":12}},"loc":{"start":{"line":24,"column":15},"end":{"line":35,"column":1}},"line":24}},"branchMap":{},"s":{"0":1,"1":1,"2":4},"f":{"0":4},"b":{},"_coverageSchema":"1a1c01bbd47fc00a2c39e90264f33305004495a9","hash":"c9ff5c49ce486918803d067fd4c61f24c1f25f7b"}
,"/Users/jeonghean/projects/react-book/code/context-todo-list/src/Components/ToDoList/index.tsx": {"path":"/Users/jeonghean/projects/react-book/code/context-todo-list/src/Components/ToDoList/index.tsx","statementMap":{"0":{"start":{"line":7,"column":18},"end":{"line":13,"column":1}},"1":{"start":{"line":15,"column":24},"end":{"line":25,"column":1}},"2":{"start":{"line":16,"column":35},"end":{"line":16,"column":62}},"3":{"start":{"line":18,"column":2},"end":{"line":24,"column":4}},"4":{"start":{"line":21,"column":8},"end":{"line":21,"column":79}},"5":{"start":{"line":21,"column":58},"end":{"line":21,"column":75}}},"fnMap":{"0":{"name":"(anonymous_0)","decl":{"start":{"line":15,"column":24},"end":{"line":15,"column":25}},"loc":{"start":{"line":15,"column":30},"end":{"line":25,"column":1}},"line":15},"1":{"name":"(anonymous_1)","decl":{"start":{"line":20,"column":20},"end":{"line":20,"column":21}},"loc":{"start":{"line":21,"column":8},"end":{"line":21,"column":79}},"line":21},"2":{"name":"(anonymous_2)","decl":{"start":{"line":21,"column":52},"end":{"line":21,"column":53}},"loc":{"start":{"line":21,"column":58},"end":{"line":21,"column":75}},"line":21}},"branchMap":{},"s":{"0":2,"1":2,"2":15,"3":15,"4":16,"5":2},"f":{"0":15,"1":16,"2":2},"b":{},"_coverageSchema":"1a1c01bbd47fc00a2c39e90264f33305004495a9","hash":"03f6de862312a835cfd4216734fdb9ef3fa283fa"}
,"/Users/jeonghean/projects/react-book/code/context-todo-list/src/Contexts/index.tsx": {"path":"/Users/jeonghean/projects/react-book/code/context-todo-list/src/Contexts/index.tsx","statementMap":{},"fnMap":{},"branchMap":{},"s":{},"f":{},"b":{},"_coverageSchema":"1a1c01bbd47fc00a2c39e90264f33305004495a9","hash":"200ac10094f5cb3becefb2b358a2350b6f658793"}
}
